<?xml version="1.0" encoding="UTF-8"?>
<coverage generated="1733873131361" clover="3.2.0">
  <project timestamp="1733873131361" name="All files">
    <metrics statements="254" coveredstatements="223" conditionals="32" coveredconditionals="32" methods="22" coveredmethods="17" elements="308" coveredelements="272" complexity="0" loc="254" ncloc="254" packages="1" files="3" classes="3"/>
    <file name="AddTask.jsx" path="/Users/randy/Documents/code/todoist/src/components/AddTask.jsx">
      <metrics statements="152" coveredstatements="152" conditionals="27" coveredconditionals="27" methods="14" coveredmethods="14"/>
      <line num="1" count="1" type="stmt"/>
      <line num="11" count="1" type="cond" truecount="1" falsecount="0"/>
      <line num="12" count="48" type="stmt"/>
      <line num="13" count="48" type="stmt"/>
      <line num="14" count="48" type="stmt"/>
      <line num="15" count="48" type="stmt"/>
      <line num="16" count="48" type="stmt"/>
      <line num="17" count="48" type="stmt"/>
      <line num="18" count="48" type="stmt"/>
      <line num="19" count="48" type="stmt"/>
      <line num="20" count="48" type="stmt"/>
      <line num="21" count="48" type="stmt"/>
      <line num="22" count="48" type="stmt"/>
      <line num="24" count="48" type="stmt"/>
      <line num="26" count="48" type="cond" truecount="1" falsecount="0"/>
      <line num="27" count="4" type="stmt"/>
      <line num="28" count="4" type="stmt"/>
      <line num="30" count="4" type="cond" truecount="1" falsecount="0"/>
      <line num="31" count="1" type="stmt"/>
      <line num="32" count="4" type="cond" truecount="2" falsecount="0"/>
      <line num="33" count="1" type="stmt"/>
      <line num="34" count="1" type="stmt"/>
      <line num="36" count="4" type="stmt"/>
      <line num="37" count="4" type="stmt"/>
      <line num="38" count="4" type="stmt"/>
      <line num="39" count="4" type="stmt"/>
      <line num="40" count="4" type="stmt"/>
      <line num="41" count="4" type="stmt"/>
      <line num="42" count="4" type="stmt"/>
      <line num="43" count="4" type="stmt"/>
      <line num="44" count="4" type="stmt"/>
      <line num="45" count="4" type="stmt"/>
      <line num="46" count="4" type="cond" truecount="1" falsecount="0"/>
      <line num="47" count="4" type="stmt"/>
      <line num="48" count="4" type="stmt"/>
      <line num="49" count="4" type="cond" truecount="1" falsecount="0"/>
      <line num="50" count="4" type="stmt"/>
      <line num="51" count="4" type="stmt"/>
      <line num="52" count="4" type="stmt"/>
      <line num="53" count="4" type="stmt"/>
      <line num="54" count="4" type="stmt"/>
      <line num="56" count="4" type="stmt"/>
      <line num="58" count="48" type="stmt"/>
      <line num="59" count="48" type="stmt"/>
      <line num="60" count="48" type="cond" truecount="2" falsecount="0"/>
      <line num="61" count="48" type="stmt"/>
      <line num="63" count="48" type="stmt"/>
      <line num="64" count="48" type="stmt"/>
      <line num="65" count="48" type="stmt"/>
      <line num="66" count="48" type="stmt"/>
      <line num="67" count="48" type="cond" truecount="1" falsecount="0"/>
      <line num="68" count="48" type="cond" truecount="1" falsecount="0"/>
      <line num="69" count="48" type="stmt"/>
      <line num="70" count="48" type="stmt"/>
      <line num="71" count="48" type="stmt"/>
      <line num="73" count="48" type="stmt"/>
      <line num="74" count="48" type="stmt"/>
      <line num="75" count="48" type="stmt"/>
      <line num="77" count="48" type="cond" truecount="2" falsecount="0"/>
      <line num="78" count="35" type="stmt"/>
      <line num="79" count="35" type="cond" truecount="1" falsecount="0"/>
      <line num="80" count="19" type="stmt"/>
      <line num="81" count="19" type="stmt"/>
      <line num="82" count="19" type="stmt"/>
      <line num="83" count="19" type="stmt"/>
      <line num="84" count="19" type="stmt"/>
      <line num="85" count="19" type="stmt"/>
      <line num="86" count="19" type="cond" truecount="1" falsecount="0"/>
      <line num="87" count="1" type="stmt"/>
      <line num="88" count="1" type="stmt"/>
      <line num="89" count="1" type="stmt"/>
      <line num="90" count="1" type="stmt"/>
      <line num="91" count="19" type="cond" truecount="1" falsecount="0"/>
      <line num="92" count="1" type="stmt"/>
      <line num="93" count="1" type="stmt"/>
      <line num="94" count="1" type="stmt"/>
      <line num="95" count="1" type="stmt"/>
      <line num="96" count="19" type="stmt"/>
      <line num="97" count="19" type="stmt"/>
      <line num="98" count="19" type="stmt"/>
      <line num="99" count="19" type="stmt"/>
      <line num="101" count="19" type="stmt"/>
      <line num="102" count="19" type="stmt"/>
      <line num="103" count="19" type="stmt"/>
      <line num="105" count="35" type="stmt"/>
      <line num="106" count="35" type="stmt"/>
      <line num="107" count="35" type="stmt"/>
      <line num="108" count="35" type="stmt"/>
      <line num="109" count="35" type="stmt"/>
      <line num="110" count="35" type="stmt"/>
      <line num="111" count="35" type="stmt"/>
      <line num="112" count="35" type="stmt"/>
      <line num="113" count="35" type="stmt"/>
      <line num="114" count="35" type="stmt"/>
      <line num="115" count="35" type="stmt"/>
      <line num="116" count="35" type="stmt"/>
      <line num="117" count="35" type="stmt"/>
      <line num="118" count="35" type="stmt"/>
      <line num="119" count="35" type="stmt"/>
      <line num="120" count="35" type="stmt"/>
      <line num="121" count="35" type="cond" truecount="1" falsecount="0"/>
      <line num="122" count="35" type="stmt"/>
      <line num="123" count="35" type="stmt"/>
      <line num="124" count="35" type="stmt"/>
      <line num="125" count="35" type="stmt"/>
      <line num="126" count="35" type="stmt"/>
      <line num="127" count="35" type="cond" truecount="1" falsecount="0"/>
      <line num="128" count="4" type="cond" truecount="1" falsecount="0"/>
      <line num="129" count="3" type="cond" truecount="1" falsecount="0"/>
      <line num="130" count="1" type="stmt"/>
      <line num="132" count="35" type="stmt"/>
      <line num="134" count="35" type="stmt"/>
      <line num="135" count="35" type="cond" truecount="1" falsecount="0"/>
      <line num="136" count="16" type="stmt"/>
      <line num="137" count="16" type="stmt"/>
      <line num="138" count="16" type="stmt"/>
      <line num="139" count="16" type="cond" truecount="1" falsecount="0"/>
      <line num="140" count="1" type="stmt"/>
      <line num="141" count="1" type="stmt"/>
      <line num="142" count="1" type="stmt"/>
      <line num="143" count="16" type="cond" truecount="1" falsecount="0"/>
      <line num="144" count="1" type="stmt"/>
      <line num="145" count="1" type="stmt"/>
      <line num="146" count="1" type="stmt"/>
      <line num="147" count="16" type="stmt"/>
      <line num="148" count="16" type="stmt"/>
      <line num="149" count="16" type="stmt"/>
      <line num="150" count="16" type="stmt"/>
      <line num="152" count="16" type="stmt"/>
      <line num="154" count="35" type="stmt"/>
      <line num="155" count="35" type="stmt"/>
      <line num="156" count="35" type="stmt"/>
      <line num="157" count="35" type="cond" truecount="1" falsecount="0"/>
      <line num="158" count="35" type="cond" truecount="1" falsecount="0"/>
      <line num="159" count="35" type="stmt"/>
      <line num="160" count="35" type="stmt"/>
      <line num="161" count="35" type="stmt"/>
      <line num="163" count="35" type="stmt"/>
      <line num="164" count="35" type="stmt"/>
      <line num="165" count="35" type="stmt"/>
      <line num="166" count="35" type="stmt"/>
      <line num="167" count="35" type="stmt"/>
      <line num="168" count="35" type="cond" truecount="1" falsecount="0"/>
      <line num="169" count="35" type="cond" truecount="1" falsecount="0"/>
      <line num="170" count="35" type="stmt"/>
      <line num="171" count="35" type="stmt"/>
      <line num="172" count="35" type="stmt"/>
      <line num="174" count="35" type="stmt"/>
      <line num="175" count="35" type="stmt"/>
      <line num="176" count="35" type="stmt"/>
      <line num="178" count="48" type="stmt"/>
      <line num="180" count="48" type="stmt"/>
    </file>
    <file name="ProjectOverlay.jsx" path="/Users/randy/Documents/code/todoist/src/components/ProjectOverlay.jsx">
      <metrics statements="33" coveredstatements="17" conditionals="2" coveredconditionals="2" methods="1" coveredmethods="1"/>
      <line num="1" count="1" type="stmt"/>
      <line num="6" count="1" type="cond" truecount="1" falsecount="0"/>
      <line num="7" count="35" type="stmt"/>
      <line num="8" count="35" type="stmt"/>
      <line num="9" count="35" type="stmt"/>
      <line num="10" count="35" type="stmt"/>
      <line num="11" count="35" type="stmt"/>
      <line num="13" count="35" type="stmt"/>
      <line num="14" count="35" type="stmt"/>
      <line num="15" count="35" type="cond" truecount="1" falsecount="0"/>
      <line num="16" count="2" type="stmt"/>
      <line num="17" count="2" type="stmt"/>
      <line num="18" count="2" type="stmt"/>
      <line num="19" count="0" type="stmt"/>
      <line num="20" count="0" type="stmt"/>
      <line num="21" count="0" type="stmt"/>
      <line num="22" count="0" type="stmt"/>
      <line num="23" count="0" type="stmt"/>
      <line num="24" count="0" type="stmt"/>
      <line num="25" count="0" type="stmt"/>
      <line num="26" count="0" type="stmt"/>
      <line num="27" count="0" type="stmt"/>
      <line num="28" count="0" type="stmt"/>
      <line num="29" count="0" type="stmt"/>
      <line num="30" count="0" type="stmt"/>
      <line num="31" count="0" type="stmt"/>
      <line num="33" count="0" type="stmt"/>
      <line num="34" count="0" type="stmt"/>
      <line num="35" count="0" type="stmt"/>
      <line num="36" count="2" type="stmt"/>
      <line num="37" count="2" type="stmt"/>
      <line num="38" count="2" type="stmt"/>
      <line num="41" count="35" type="stmt"/>
    </file>
    <file name="TaskDate.jsx" path="/Users/randy/Documents/code/todoist/src/components/TaskDate.jsx">
      <metrics statements="69" coveredstatements="54" conditionals="3" coveredconditionals="3" methods="7" coveredmethods="2"/>
      <line num="1" count="1" type="stmt"/>
      <line num="7" count="1" type="cond" truecount="1" falsecount="0"/>
      <line num="8" count="35" type="stmt"/>
      <line num="9" count="35" type="cond" truecount="1" falsecount="0"/>
      <line num="10" count="3" type="stmt"/>
      <line num="11" count="3" type="stmt"/>
      <line num="12" count="3" type="stmt"/>
      <line num="13" count="3" type="stmt"/>
      <line num="14" count="3" type="stmt"/>
      <line num="15" count="0" type="stmt"/>
      <line num="16" count="0" type="stmt"/>
      <line num="17" count="0" type="stmt"/>
      <line num="18" count="3" type="stmt"/>
      <line num="19" count="0" type="stmt"/>
      <line num="20" count="0" type="stmt"/>
      <line num="21" count="0" type="stmt"/>
      <line num="22" count="3" type="stmt"/>
      <line num="23" count="3" type="stmt"/>
      <line num="24" count="3" type="stmt"/>
      <line num="25" count="3" type="stmt"/>
      <line num="27" count="3" type="stmt"/>
      <line num="28" count="3" type="stmt"/>
      <line num="29" count="3" type="stmt"/>
      <line num="30" count="3" type="stmt"/>
      <line num="31" count="3" type="stmt"/>
      <line num="32" count="3" type="stmt"/>
      <line num="33" count="3" type="stmt"/>
      <line num="34" count="3" type="stmt"/>
      <line num="35" count="3" type="cond" truecount="1" falsecount="0"/>
      <line num="36" count="1" type="stmt"/>
      <line num="37" count="1" type="stmt"/>
      <line num="38" count="1" type="stmt"/>
      <line num="39" count="3" type="stmt"/>
      <line num="40" count="0" type="stmt"/>
      <line num="41" count="0" type="stmt"/>
      <line num="42" count="0" type="stmt"/>
      <line num="43" count="3" type="stmt"/>
      <line num="44" count="3" type="stmt"/>
      <line num="45" count="3" type="stmt"/>
      <line num="46" count="3" type="stmt"/>
      <line num="48" count="3" type="stmt"/>
      <line num="49" count="3" type="stmt"/>
      <line num="50" count="3" type="stmt"/>
      <line num="51" count="3" type="stmt"/>
      <line num="52" count="3" type="stmt"/>
      <line num="53" count="3" type="stmt"/>
      <line num="54" count="3" type="stmt"/>
      <line num="55" count="3" type="stmt"/>
      <line num="56" count="3" type="stmt"/>
      <line num="57" count="0" type="stmt"/>
      <line num="58" count="0" type="stmt"/>
      <line num="59" count="0" type="stmt"/>
      <line num="60" count="3" type="stmt"/>
      <line num="61" count="0" type="stmt"/>
      <line num="62" count="0" type="stmt"/>
      <line num="63" count="0" type="stmt"/>
      <line num="64" count="3" type="stmt"/>
      <line num="65" count="3" type="stmt"/>
      <line num="66" count="3" type="stmt"/>
      <line num="67" count="3" type="stmt"/>
      <line num="69" count="3" type="stmt"/>
      <line num="70" count="3" type="stmt"/>
      <line num="71" count="3" type="stmt"/>
      <line num="72" count="3" type="stmt"/>
      <line num="73" count="3" type="stmt"/>
      <line num="74" count="3" type="stmt"/>
      <line num="75" count="3" type="stmt"/>
      <line num="76" count="3" type="stmt"/>
      <line num="79" count="35" type="stmt"/>
    </file>
  </project>
</coverage>
