{"/Users/randy/Documents/code/todoist/src/components/AddTask.jsx": {"path":"/Users/randy/Documents/code/todoist/src/components/AddTask.jsx","all":false,"statementMap":{"0":{"start":{"line":1,"column":0},"end":{"line":1,"column":37}},"10":{"start":{"line":11,"column":0},"end":{"line":11,"column":25}},"11":{"start":{"line":12,"column":0},"end":{"line":12,"column":25}},"12":{"start":{"line":13,"column":0},"end":{"line":13,"column":25}},"13":{"start":{"line":14,"column":0},"end":{"line":14,"column":19}},"14":{"start":{"line":15,"column":0},"end":{"line":15,"column":22}},"15":{"start":{"line":16,"column":0},"end":{"line":16,"column":7}},"16":{"start":{"line":17,"column":0},"end":{"line":17,"column":39}},"17":{"start":{"line":18,"column":0},"end":{"line":18,"column":47}},"18":{"start":{"line":19,"column":0},"end":{"line":19,"column":45}},"19":{"start":{"line":20,"column":0},"end":{"line":20,"column":59}},"20":{"start":{"line":21,"column":0},"end":{"line":21,"column":70}},"21":{"start":{"line":22,"column":0},"end":{"line":22,"column":58}},"23":{"start":{"line":24,"column":0},"end":{"line":24,"column":56}},"25":{"start":{"line":26,"column":0},"end":{"line":26,"column":25}},"26":{"start":{"line":27,"column":0},"end":{"line":27,"column":49}},"27":{"start":{"line":28,"column":0},"end":{"line":28,"column":26}},"29":{"start":{"line":30,"column":0},"end":{"line":30,"column":32}},"30":{"start":{"line":31,"column":0},"end":{"line":31,"column":51}},"31":{"start":{"line":32,"column":0},"end":{"line":32,"column":40}},"32":{"start":{"line":33,"column":0},"end":{"line":33,"column":66}},"33":{"start":{"line":34,"column":0},"end":{"line":34,"column":5}},"35":{"start":{"line":36,"column":0},"end":{"line":36,"column":12}},"36":{"start":{"line":37,"column":0},"end":{"line":37,"column":13}},"37":{"start":{"line":38,"column":0},"end":{"line":38,"column":18}},"38":{"start":{"line":39,"column":0},"end":{"line":39,"column":14}},"39":{"start":{"line":40,"column":0},"end":{"line":40,"column":20}},"40":{"start":{"line":41,"column":0},"end":{"line":41,"column":28}},"41":{"start":{"line":42,"column":0},"end":{"line":42,"column":14}},"42":{"start":{"line":43,"column":0},"end":{"line":43,"column":26}},"43":{"start":{"line":44,"column":0},"end":{"line":44,"column":20}},"44":{"start":{"line":45,"column":0},"end":{"line":45,"column":15}},"45":{"start":{"line":46,"column":0},"end":{"line":46,"column":41}},"46":{"start":{"line":47,"column":0},"end":{"line":47,"column":41}},"47":{"start":{"line":48,"column":0},"end":{"line":48,"column":10}},"48":{"start":{"line":49,"column":0},"end":{"line":49,"column":21}},"49":{"start":{"line":50,"column":0},"end":{"line":50,"column":22}},"50":{"start":{"line":51,"column":0},"end":{"line":51,"column":25}},"51":{"start":{"line":52,"column":0},"end":{"line":52,"column":26}},"52":{"start":{"line":53,"column":0},"end":{"line":53,"column":39}},"53":{"start":{"line":54,"column":0},"end":{"line":54,"column":10}},"55":{"start":{"line":56,"column":0},"end":{"line":56,"column":4}},"57":{"start":{"line":58,"column":0},"end":{"line":58,"column":10}},"58":{"start":{"line":59,"column":0},"end":{"line":59,"column":8}},"59":{"start":{"line":60,"column":0},"end":{"line":60,"column":78}},"60":{"start":{"line":61,"column":0},"end":{"line":61,"column":33}},"62":{"start":{"line":63,"column":0},"end":{"line":63,"column":27}},"63":{"start":{"line":64,"column":0},"end":{"line":64,"column":12}},"64":{"start":{"line":65,"column":0},"end":{"line":65,"column":39}},"65":{"start":{"line":66,"column":0},"end":{"line":66,"column":40}},"66":{"start":{"line":67,"column":0},"end":{"line":67,"column":48}},"67":{"start":{"line":68,"column":0},"end":{"line":68,"column":50}},"68":{"start":{"line":69,"column":0},"end":{"line":69,"column":22}},"69":{"start":{"line":70,"column":0},"end":{"line":70,"column":31}},"70":{"start":{"line":71,"column":0},"end":{"line":71,"column":23}},"72":{"start":{"line":73,"column":0},"end":{"line":73,"column":51}},"73":{"start":{"line":74,"column":0},"end":{"line":74,"column":58}},"74":{"start":{"line":75,"column":0},"end":{"line":75,"column":14}},"76":{"start":{"line":77,"column":0},"end":{"line":77,"column":42}},"77":{"start":{"line":78,"column":0},"end":{"line":78,"column":68}},"78":{"start":{"line":79,"column":0},"end":{"line":79,"column":32}},"79":{"start":{"line":80,"column":0},"end":{"line":80,"column":14}},"80":{"start":{"line":81,"column":0},"end":{"line":81,"column":48}},"81":{"start":{"line":82,"column":0},"end":{"line":82,"column":58}},"82":{"start":{"line":83,"column":0},"end":{"line":83,"column":21}},"83":{"start":{"line":84,"column":0},"end":{"line":84,"column":48}},"84":{"start":{"line":85,"column":0},"end":{"line":85,"column":53}},"85":{"start":{"line":86,"column":0},"end":{"line":86,"column":34}},"86":{"start":{"line":87,"column":0},"end":{"line":87,"column":39}},"87":{"start":{"line":88,"column":0},"end":{"line":88,"column":49}},"88":{"start":{"line":89,"column":0},"end":{"line":89,"column":47}},"89":{"start":{"line":90,"column":0},"end":{"line":90,"column":20}},"90":{"start":{"line":91,"column":0},"end":{"line":91,"column":36}},"91":{"start":{"line":92,"column":0},"end":{"line":92,"column":39}},"92":{"start":{"line":93,"column":0},"end":{"line":93,"column":49}},"93":{"start":{"line":94,"column":0},"end":{"line":94,"column":47}},"94":{"start":{"line":95,"column":0},"end":{"line":95,"column":20}},"95":{"start":{"line":96,"column":0},"end":{"line":96,"column":30}},"96":{"start":{"line":97,"column":0},"end":{"line":97,"column":49}},"97":{"start":{"line":98,"column":0},"end":{"line":98,"column":31}},"98":{"start":{"line":99,"column":0},"end":{"line":99,"column":17}},"100":{"start":{"line":101,"column":0},"end":{"line":101,"column":23}},"101":{"start":{"line":102,"column":0},"end":{"line":102,"column":20}},"102":{"start":{"line":103,"column":0},"end":{"line":103,"column":15}},"104":{"start":{"line":105,"column":0},"end":{"line":105,"column":25}},"105":{"start":{"line":106,"column":0},"end":{"line":106,"column":35}},"106":{"start":{"line":107,"column":0},"end":{"line":107,"column":51}},"107":{"start":{"line":108,"column":0},"end":{"line":108,"column":57}},"108":{"start":{"line":109,"column":0},"end":{"line":109,"column":12}},"109":{"start":{"line":110,"column":0},"end":{"line":110,"column":19}},"110":{"start":{"line":111,"column":0},"end":{"line":111,"column":37}},"111":{"start":{"line":112,"column":0},"end":{"line":112,"column":39}},"112":{"start":{"line":113,"column":0},"end":{"line":113,"column":45}},"113":{"start":{"line":114,"column":0},"end":{"line":114,"column":12}},"114":{"start":{"line":115,"column":0},"end":{"line":115,"column":16}},"115":{"start":{"line":116,"column":0},"end":{"line":116,"column":41}},"116":{"start":{"line":117,"column":0},"end":{"line":117,"column":40}},"117":{"start":{"line":118,"column":0},"end":{"line":118,"column":42}},"118":{"start":{"line":119,"column":0},"end":{"line":119,"column":23}},"119":{"start":{"line":120,"column":0},"end":{"line":120,"column":24}},"120":{"start":{"line":121,"column":0},"end":{"line":121,"column":53}},"121":{"start":{"line":122,"column":0},"end":{"line":122,"column":12}},"122":{"start":{"line":123,"column":0},"end":{"line":123,"column":17}},"123":{"start":{"line":124,"column":0},"end":{"line":124,"column":25}},"124":{"start":{"line":125,"column":0},"end":{"line":125,"column":40}},"125":{"start":{"line":126,"column":0},"end":{"line":126,"column":34}},"126":{"start":{"line":127,"column":0},"end":{"line":127,"column":26}},"127":{"start":{"line":128,"column":0},"end":{"line":128,"column":30}},"128":{"start":{"line":129,"column":0},"end":{"line":129,"column":57}},"129":{"start":{"line":130,"column":0},"end":{"line":130,"column":27}},"131":{"start":{"line":132,"column":0},"end":{"line":132,"column":11}},"133":{"start":{"line":134,"column":0},"end":{"line":134,"column":19}},"134":{"start":{"line":135,"column":0},"end":{"line":135,"column":33}},"135":{"start":{"line":136,"column":0},"end":{"line":136,"column":17}},"136":{"start":{"line":137,"column":0},"end":{"line":137,"column":42}},"137":{"start":{"line":138,"column":0},"end":{"line":138,"column":48}},"138":{"start":{"line":139,"column":0},"end":{"line":139,"column":30}},"139":{"start":{"line":140,"column":0},"end":{"line":140,"column":35}},"140":{"start":{"line":141,"column":0},"end":{"line":141,"column":45}},"141":{"start":{"line":142,"column":0},"end":{"line":142,"column":16}},"142":{"start":{"line":143,"column":0},"end":{"line":143,"column":32}},"143":{"start":{"line":144,"column":0},"end":{"line":144,"column":35}},"144":{"start":{"line":145,"column":0},"end":{"line":145,"column":45}},"145":{"start":{"line":146,"column":0},"end":{"line":146,"column":16}},"146":{"start":{"line":147,"column":0},"end":{"line":147,"column":26}},"147":{"start":{"line":148,"column":0},"end":{"line":148,"column":47}},"148":{"start":{"line":149,"column":0},"end":{"line":149,"column":27}},"149":{"start":{"line":150,"column":0},"end":{"line":150,"column":13}},"151":{"start":{"line":152,"column":0},"end":{"line":152,"column":19}},"153":{"start":{"line":154,"column":0},"end":{"line":154,"column":15}},"154":{"start":{"line":155,"column":0},"end":{"line":155,"column":41}},"155":{"start":{"line":156,"column":0},"end":{"line":156,"column":46}},"156":{"start":{"line":157,"column":0},"end":{"line":157,"column":70}},"157":{"start":{"line":158,"column":0},"end":{"line":158,"column":72}},"158":{"start":{"line":159,"column":0},"end":{"line":159,"column":24}},"159":{"start":{"line":160,"column":0},"end":{"line":160,"column":52}},"160":{"start":{"line":161,"column":0},"end":{"line":161,"column":25}},"162":{"start":{"line":163,"column":0},"end":{"line":163,"column":28}},"163":{"start":{"line":164,"column":0},"end":{"line":164,"column":17}},"164":{"start":{"line":165,"column":0},"end":{"line":165,"column":15}},"165":{"start":{"line":166,"column":0},"end":{"line":166,"column":38}},"166":{"start":{"line":167,"column":0},"end":{"line":167,"column":48}},"167":{"start":{"line":168,"column":0},"end":{"line":168,"column":58}},"168":{"start":{"line":169,"column":0},"end":{"line":169,"column":60}},"169":{"start":{"line":170,"column":0},"end":{"line":170,"column":24}},"170":{"start":{"line":171,"column":0},"end":{"line":171,"column":61}},"171":{"start":{"line":172,"column":0},"end":{"line":172,"column":25}},"173":{"start":{"line":174,"column":0},"end":{"line":174,"column":32}},"174":{"start":{"line":175,"column":0},"end":{"line":175,"column":17}},"175":{"start":{"line":176,"column":0},"end":{"line":176,"column":14}},"177":{"start":{"line":178,"column":0},"end":{"line":178,"column":10}},"179":{"start":{"line":180,"column":0},"end":{"line":180,"column":2}}},"s":{"0":1,"10":1,"11":48,"12":48,"13":48,"14":48,"15":48,"16":48,"17":48,"18":48,"19":48,"20":48,"21":48,"23":48,"25":48,"26":4,"27":4,"29":4,"30":1,"31":4,"32":1,"33":1,"35":4,"36":4,"37":4,"38":4,"39":4,"40":4,"41":4,"42":4,"43":4,"44":4,"45":4,"46":4,"47":4,"48":4,"49":4,"50":4,"51":4,"52":4,"53":4,"55":4,"57":48,"58":48,"59":48,"60":48,"62":48,"63":48,"64":48,"65":48,"66":48,"67":48,"68":48,"69":48,"70":48,"72":48,"73":48,"74":48,"76":48,"77":35,"78":35,"79":19,"80":19,"81":19,"82":19,"83":19,"84":19,"85":19,"86":1,"87":1,"88":1,"89":1,"90":19,"91":1,"92":1,"93":1,"94":1,"95":19,"96":19,"97":19,"98":19,"100":19,"101":19,"102":19,"104":35,"105":35,"106":35,"107":35,"108":35,"109":35,"110":35,"111":35,"112":35,"113":35,"114":35,"115":35,"116":35,"117":35,"118":35,"119":35,"120":35,"121":35,"122":35,"123":35,"124":35,"125":35,"126":35,"127":4,"128":3,"129":1,"131":35,"133":35,"134":35,"135":16,"136":16,"137":16,"138":16,"139":1,"140":1,"141":1,"142":16,"143":1,"144":1,"145":1,"146":16,"147":16,"148":16,"149":16,"151":16,"153":35,"154":35,"155":35,"156":35,"157":35,"158":35,"159":35,"160":35,"162":35,"163":35,"164":35,"165":35,"166":35,"167":35,"168":35,"169":35,"170":35,"171":35,"173":35,"174":35,"175":35,"177":48,"179":48},"branchMap":{"0":{"type":"branch","line":11,"loc":{"start":{"line":11,"column":23},"end":{"line":180,"column":2}},"locations":[{"start":{"line":11,"column":23},"end":{"line":180,"column":2}}]},"1":{"type":"branch","line":60,"loc":{"start":{"line":60,"column":17},"end":{"line":60,"column":67}},"locations":[{"start":{"line":60,"column":17},"end":{"line":60,"column":67}}]},"2":{"type":"branch","line":60,"loc":{"start":{"line":60,"column":36},"end":{"line":60,"column":78}},"locations":[{"start":{"line":60,"column":36},"end":{"line":60,"column":78}}]},"3":{"type":"branch","line":77,"loc":{"start":{"line":77,"column":8},"end":{"line":77,"column":42}},"locations":[{"start":{"line":77,"column":8},"end":{"line":77,"column":42}}]},"4":{"type":"branch","line":77,"loc":{"start":{"line":77,"column":20},"end":{"line":176,"column":14}},"locations":[{"start":{"line":77,"column":20},"end":{"line":176,"column":14}}]},"5":{"type":"branch","line":79,"loc":{"start":{"line":79,"column":11},"end":{"line":103,"column":15}},"locations":[{"start":{"line":79,"column":11},"end":{"line":103,"column":15}}]},"6":{"type":"branch","line":135,"loc":{"start":{"line":135,"column":12},"end":{"line":152,"column":19}},"locations":[{"start":{"line":135,"column":12},"end":{"line":152,"column":19}}]},"7":{"type":"branch","line":26,"loc":{"start":{"line":26,"column":18},"end":{"line":56,"column":4}},"locations":[{"start":{"line":26,"column":18},"end":{"line":56,"column":4}}]},"8":{"type":"branch","line":30,"loc":{"start":{"line":30,"column":31},"end":{"line":32,"column":15}},"locations":[{"start":{"line":30,"column":31},"end":{"line":32,"column":15}}]},"9":{"type":"branch","line":32,"loc":{"start":{"line":32,"column":4},"end":{"line":34,"column":5}},"locations":[{"start":{"line":32,"column":4},"end":{"line":34,"column":5}}]},"10":{"type":"branch","line":32,"loc":{"start":{"line":32,"column":39},"end":{"line":34,"column":5}},"locations":[{"start":{"line":32,"column":39},"end":{"line":34,"column":5}}]},"11":{"type":"branch","line":46,"loc":{"start":{"line":46,"column":16},"end":{"line":46,"column":41}},"locations":[{"start":{"line":46,"column":16},"end":{"line":46,"column":41}}]},"12":{"type":"branch","line":49,"loc":{"start":{"line":49,"column":14},"end":{"line":54,"column":9}},"locations":[{"start":{"line":49,"column":14},"end":{"line":54,"column":9}}]},"13":{"type":"branch","line":67,"loc":{"start":{"line":67,"column":19},"end":{"line":67,"column":48}},"locations":[{"start":{"line":67,"column":19},"end":{"line":67,"column":48}}]},"14":{"type":"branch","line":68,"loc":{"start":{"line":68,"column":21},"end":{"line":68,"column":50}},"locations":[{"start":{"line":68,"column":21},"end":{"line":68,"column":50}}]},"15":{"type":"branch","line":86,"loc":{"start":{"line":86,"column":27},"end":{"line":90,"column":20}},"locations":[{"start":{"line":86,"column":27},"end":{"line":90,"column":20}}]},"16":{"type":"branch","line":91,"loc":{"start":{"line":91,"column":29},"end":{"line":95,"column":20}},"locations":[{"start":{"line":91,"column":29},"end":{"line":95,"column":20}}]},"17":{"type":"branch","line":121,"loc":{"start":{"line":121,"column":22},"end":{"line":121,"column":53}},"locations":[{"start":{"line":121,"column":22},"end":{"line":121,"column":53}}]},"18":{"type":"branch","line":127,"loc":{"start":{"line":127,"column":21},"end":{"line":130,"column":27}},"locations":[{"start":{"line":127,"column":21},"end":{"line":130,"column":27}}]},"19":{"type":"branch","line":128,"loc":{"start":{"line":128,"column":14},"end":{"line":129,"column":57}},"locations":[{"start":{"line":128,"column":14},"end":{"line":129,"column":57}}]},"20":{"type":"branch","line":129,"loc":{"start":{"line":129,"column":56},"end":{"line":130,"column":27}},"locations":[{"start":{"line":129,"column":56},"end":{"line":130,"column":27}}]},"21":{"type":"branch","line":139,"loc":{"start":{"line":139,"column":23},"end":{"line":142,"column":16}},"locations":[{"start":{"line":139,"column":23},"end":{"line":142,"column":16}}]},"22":{"type":"branch","line":143,"loc":{"start":{"line":143,"column":25},"end":{"line":146,"column":16}},"locations":[{"start":{"line":143,"column":25},"end":{"line":146,"column":16}}]},"23":{"type":"branch","line":157,"loc":{"start":{"line":157,"column":21},"end":{"line":157,"column":70}},"locations":[{"start":{"line":157,"column":21},"end":{"line":157,"column":70}}]},"24":{"type":"branch","line":158,"loc":{"start":{"line":158,"column":23},"end":{"line":158,"column":72}},"locations":[{"start":{"line":158,"column":23},"end":{"line":158,"column":72}}]},"25":{"type":"branch","line":168,"loc":{"start":{"line":168,"column":21},"end":{"line":168,"column":58}},"locations":[{"start":{"line":168,"column":21},"end":{"line":168,"column":58}}]},"26":{"type":"branch","line":169,"loc":{"start":{"line":169,"column":23},"end":{"line":169,"column":60}},"locations":[{"start":{"line":169,"column":23},"end":{"line":169,"column":60}}]}},"b":{"0":[48],"1":[19],"2":[29],"3":[24],"4":[35],"5":[19],"6":[16],"7":[4],"8":[1],"9":[3],"10":[1],"11":[2],"12":[4],"13":[9],"14":[5],"15":[1],"16":[1],"17":[4],"18":[4],"19":[3],"20":[1],"21":[1],"22":[1],"23":[1],"24":[1],"25":[2],"26":[1]},"fnMap":{"0":{"name":"AddTask","decl":{"start":{"line":11,"column":23},"end":{"line":180,"column":2}},"loc":{"start":{"line":11,"column":23},"end":{"line":180,"column":2}},"line":11},"1":{"name":"addTask","decl":{"start":{"line":26,"column":18},"end":{"line":56,"column":4}},"loc":{"start":{"line":26,"column":18},"end":{"line":56,"column":4}},"line":26},"2":{"name":"onClick","decl":{"start":{"line":67,"column":19},"end":{"line":67,"column":48}},"loc":{"start":{"line":67,"column":19},"end":{"line":67,"column":48}},"line":67},"3":{"name":"onKeyDown","decl":{"start":{"line":68,"column":21},"end":{"line":68,"column":50}},"loc":{"start":{"line":68,"column":21},"end":{"line":68,"column":50}},"line":68},"4":{"name":"onClick","decl":{"start":{"line":86,"column":27},"end":{"line":90,"column":20}},"loc":{"start":{"line":86,"column":27},"end":{"line":90,"column":20}},"line":86},"5":{"name":"onKeyDown","decl":{"start":{"line":91,"column":29},"end":{"line":95,"column":20}},"loc":{"start":{"line":91,"column":29},"end":{"line":95,"column":20}},"line":91},"6":{"name":"onChange","decl":{"start":{"line":121,"column":22},"end":{"line":121,"column":53}},"loc":{"start":{"line":121,"column":22},"end":{"line":121,"column":53}},"line":121},"7":{"name":"onClick","decl":{"start":{"line":127,"column":21},"end":{"line":130,"column":27}},"loc":{"start":{"line":127,"column":21},"end":{"line":130,"column":27}},"line":127},"8":{"name":"onClick","decl":{"start":{"line":139,"column":23},"end":{"line":142,"column":16}},"loc":{"start":{"line":139,"column":23},"end":{"line":142,"column":16}},"line":139},"9":{"name":"onKeyDown","decl":{"start":{"line":143,"column":25},"end":{"line":146,"column":16}},"loc":{"start":{"line":143,"column":25},"end":{"line":146,"column":16}},"line":143},"10":{"name":"onClick","decl":{"start":{"line":157,"column":21},"end":{"line":157,"column":70}},"loc":{"start":{"line":157,"column":21},"end":{"line":157,"column":70}},"line":157},"11":{"name":"onKeyDown","decl":{"start":{"line":158,"column":23},"end":{"line":158,"column":72}},"loc":{"start":{"line":158,"column":23},"end":{"line":158,"column":72}},"line":158},"12":{"name":"onClick","decl":{"start":{"line":168,"column":21},"end":{"line":168,"column":58}},"loc":{"start":{"line":168,"column":21},"end":{"line":168,"column":58}},"line":168},"13":{"name":"onKeyDown","decl":{"start":{"line":169,"column":23},"end":{"line":169,"column":60}},"loc":{"start":{"line":169,"column":23},"end":{"line":169,"column":60}},"line":169}},"f":{"0":48,"1":4,"2":9,"3":5,"4":1,"5":1,"6":4,"7":4,"8":1,"9":1,"10":1,"11":1,"12":2,"13":1}}
,"/Users/randy/Documents/code/todoist/src/components/ProjectOverlay.jsx": {"path":"/Users/randy/Documents/code/todoist/src/components/ProjectOverlay.jsx","all":false,"statementMap":{"0":{"start":{"line":1,"column":0},"end":{"line":1,"column":35}},"5":{"start":{"line":6,"column":0},"end":{"line":6,"column":32}},"6":{"start":{"line":7,"column":0},"end":{"line":7,"column":13}},"7":{"start":{"line":8,"column":0},"end":{"line":8,"column":21}},"8":{"start":{"line":9,"column":0},"end":{"line":9,"column":24}},"9":{"start":{"line":10,"column":0},"end":{"line":10,"column":7}},"10":{"start":{"line":11,"column":0},"end":{"line":11,"column":42}},"12":{"start":{"line":13,"column":0},"end":{"line":13,"column":10}},"13":{"start":{"line":14,"column":0},"end":{"line":14,"column":15}},"14":{"start":{"line":15,"column":0},"end":{"line":15,"column":27}},"15":{"start":{"line":16,"column":0},"end":{"line":16,"column":69}},"16":{"start":{"line":17,"column":0},"end":{"line":17,"column":46}},"17":{"start":{"line":18,"column":0},"end":{"line":18,"column":38}},"18":{"start":{"line":19,"column":0},"end":{"line":19,"column":77}},"19":{"start":{"line":20,"column":0},"end":{"line":20,"column":18}},"20":{"start":{"line":21,"column":0},"end":{"line":21,"column":32}},"21":{"start":{"line":22,"column":0},"end":{"line":22,"column":48}},"22":{"start":{"line":23,"column":0},"end":{"line":23,"column":47}},"23":{"start":{"line":24,"column":0},"end":{"line":24,"column":18}},"24":{"start":{"line":25,"column":0},"end":{"line":25,"column":34}},"25":{"start":{"line":26,"column":0},"end":{"line":26,"column":48}},"26":{"start":{"line":27,"column":0},"end":{"line":27,"column":47}},"27":{"start":{"line":28,"column":0},"end":{"line":28,"column":18}},"28":{"start":{"line":29,"column":0},"end":{"line":29,"column":29}},"29":{"start":{"line":30,"column":0},"end":{"line":30,"column":52}},"30":{"start":{"line":31,"column":0},"end":{"line":31,"column":28}},"32":{"start":{"line":33,"column":0},"end":{"line":33,"column":30}},"33":{"start":{"line":34,"column":0},"end":{"line":34,"column":20}},"34":{"start":{"line":35,"column":0},"end":{"line":35,"column":17}},"35":{"start":{"line":36,"column":0},"end":{"line":36,"column":13}},"36":{"start":{"line":37,"column":0},"end":{"line":37,"column":13}},"37":{"start":{"line":38,"column":0},"end":{"line":38,"column":12}},"40":{"start":{"line":41,"column":0},"end":{"line":41,"column":2}}},"s":{"0":1,"5":1,"6":35,"7":35,"8":35,"9":35,"10":35,"12":35,"13":35,"14":35,"15":2,"16":2,"17":2,"18":0,"19":0,"20":0,"21":0,"22":0,"23":0,"24":0,"25":0,"26":0,"27":0,"28":0,"29":0,"30":0,"32":0,"33":0,"34":0,"35":2,"36":2,"37":2,"40":35},"branchMap":{"0":{"type":"branch","line":6,"loc":{"start":{"line":6,"column":30},"end":{"line":41,"column":2}},"locations":[{"start":{"line":6,"column":30},"end":{"line":41,"column":2}}]},"1":{"type":"branch","line":15,"loc":{"start":{"line":15,"column":4},"end":{"line":38,"column":12}},"locations":[{"start":{"line":15,"column":4},"end":{"line":38,"column":12}}]}},"b":{"0":[35],"1":[2]},"fnMap":{"0":{"name":"ProjectOverlay","decl":{"start":{"line":6,"column":30},"end":{"line":41,"column":2}},"loc":{"start":{"line":6,"column":30},"end":{"line":41,"column":2}},"line":6}},"f":{"0":35}}
,"/Users/randy/Documents/code/todoist/src/components/TaskDate.jsx": {"path":"/Users/randy/Documents/code/todoist/src/components/TaskDate.jsx","all":false,"statementMap":{"0":{"start":{"line":1,"column":0},"end":{"line":1,"column":37}},"6":{"start":{"line":7,"column":0},"end":{"line":7,"column":77}},"7":{"start":{"line":8,"column":0},"end":{"line":8,"column":10}},"8":{"start":{"line":9,"column":0},"end":{"line":9,"column":21}},"9":{"start":{"line":10,"column":0},"end":{"line":10,"column":65}},"10":{"start":{"line":11,"column":0},"end":{"line":11,"column":40}},"11":{"start":{"line":12,"column":0},"end":{"line":12,"column":14}},"12":{"start":{"line":13,"column":0},"end":{"line":13,"column":16}},"13":{"start":{"line":14,"column":0},"end":{"line":14,"column":30}},"14":{"start":{"line":15,"column":0},"end":{"line":15,"column":39}},"15":{"start":{"line":16,"column":0},"end":{"line":16,"column":59}},"16":{"start":{"line":17,"column":0},"end":{"line":17,"column":16}},"17":{"start":{"line":18,"column":0},"end":{"line":18,"column":32}},"18":{"start":{"line":19,"column":0},"end":{"line":19,"column":39}},"19":{"start":{"line":20,"column":0},"end":{"line":20,"column":59}},"20":{"start":{"line":21,"column":0},"end":{"line":21,"column":16}},"21":{"start":{"line":22,"column":0},"end":{"line":22,"column":43}},"22":{"start":{"line":23,"column":0},"end":{"line":23,"column":27}},"23":{"start":{"line":24,"column":0},"end":{"line":24,"column":56}},"24":{"start":{"line":25,"column":0},"end":{"line":25,"column":26}},"26":{"start":{"line":27,"column":0},"end":{"line":27,"column":20}},"27":{"start":{"line":28,"column":0},"end":{"line":28,"column":34}},"28":{"start":{"line":29,"column":0},"end":{"line":29,"column":21}},"29":{"start":{"line":30,"column":0},"end":{"line":30,"column":32}},"30":{"start":{"line":31,"column":0},"end":{"line":31,"column":18}},"31":{"start":{"line":32,"column":0},"end":{"line":32,"column":15}},"32":{"start":{"line":33,"column":0},"end":{"line":33,"column":14}},"33":{"start":{"line":34,"column":0},"end":{"line":34,"column":16}},"34":{"start":{"line":35,"column":0},"end":{"line":35,"column":30}},"35":{"start":{"line":36,"column":0},"end":{"line":36,"column":39}},"36":{"start":{"line":37,"column":0},"end":{"line":37,"column":73}},"37":{"start":{"line":38,"column":0},"end":{"line":38,"column":16}},"38":{"start":{"line":39,"column":0},"end":{"line":39,"column":32}},"39":{"start":{"line":40,"column":0},"end":{"line":40,"column":39}},"40":{"start":{"line":41,"column":0},"end":{"line":41,"column":73}},"41":{"start":{"line":42,"column":0},"end":{"line":42,"column":16}},"42":{"start":{"line":43,"column":0},"end":{"line":43,"column":46}},"43":{"start":{"line":44,"column":0},"end":{"line":44,"column":26}},"44":{"start":{"line":45,"column":0},"end":{"line":45,"column":59}},"45":{"start":{"line":46,"column":0},"end":{"line":46,"column":27}},"47":{"start":{"line":48,"column":0},"end":{"line":48,"column":20}},"48":{"start":{"line":49,"column":0},"end":{"line":49,"column":25}},"49":{"start":{"line":50,"column":0},"end":{"line":50,"column":21}},"50":{"start":{"line":51,"column":0},"end":{"line":51,"column":35}},"51":{"start":{"line":52,"column":0},"end":{"line":52,"column":18}},"52":{"start":{"line":53,"column":0},"end":{"line":53,"column":15}},"53":{"start":{"line":54,"column":0},"end":{"line":54,"column":14}},"54":{"start":{"line":55,"column":0},"end":{"line":55,"column":16}},"55":{"start":{"line":56,"column":0},"end":{"line":56,"column":30}},"56":{"start":{"line":57,"column":0},"end":{"line":57,"column":39}},"57":{"start":{"line":58,"column":0},"end":{"line":58,"column":73}},"58":{"start":{"line":59,"column":0},"end":{"line":59,"column":16}},"59":{"start":{"line":60,"column":0},"end":{"line":60,"column":32}},"60":{"start":{"line":61,"column":0},"end":{"line":61,"column":39}},"61":{"start":{"line":62,"column":0},"end":{"line":62,"column":73}},"62":{"start":{"line":63,"column":0},"end":{"line":63,"column":16}},"63":{"start":{"line":64,"column":0},"end":{"line":64,"column":47}},"64":{"start":{"line":65,"column":0},"end":{"line":65,"column":26}},"65":{"start":{"line":66,"column":0},"end":{"line":66,"column":60}},"66":{"start":{"line":67,"column":0},"end":{"line":67,"column":27}},"68":{"start":{"line":69,"column":0},"end":{"line":69,"column":20}},"69":{"start":{"line":70,"column":0},"end":{"line":70,"column":35}},"70":{"start":{"line":71,"column":0},"end":{"line":71,"column":21}},"71":{"start":{"line":72,"column":0},"end":{"line":72,"column":36}},"72":{"start":{"line":73,"column":0},"end":{"line":73,"column":18}},"73":{"start":{"line":74,"column":0},"end":{"line":74,"column":15}},"74":{"start":{"line":75,"column":0},"end":{"line":75,"column":13}},"75":{"start":{"line":76,"column":0},"end":{"line":76,"column":12}},"78":{"start":{"line":79,"column":0},"end":{"line":79,"column":2}}},"s":{"0":1,"6":1,"7":35,"8":35,"9":3,"10":3,"11":3,"12":3,"13":3,"14":0,"15":0,"16":0,"17":3,"18":0,"19":0,"20":0,"21":3,"22":3,"23":3,"24":3,"26":3,"27":3,"28":3,"29":3,"30":3,"31":3,"32":3,"33":3,"34":3,"35":1,"36":1,"37":1,"38":3,"39":0,"40":0,"41":0,"42":3,"43":3,"44":3,"45":3,"47":3,"48":3,"49":3,"50":3,"51":3,"52":3,"53":3,"54":3,"55":3,"56":0,"57":0,"58":0,"59":3,"60":0,"61":0,"62":0,"63":3,"64":3,"65":3,"66":3,"68":3,"69":3,"70":3,"71":3,"72":3,"73":3,"74":3,"75":3,"78":35},"branchMap":{"0":{"type":"branch","line":7,"loc":{"start":{"line":7,"column":24},"end":{"line":79,"column":2}},"locations":[{"start":{"line":7,"column":24},"end":{"line":79,"column":2}}]},"1":{"type":"branch","line":9,"loc":{"start":{"line":9,"column":4},"end":{"line":76,"column":12}},"locations":[{"start":{"line":9,"column":4},"end":{"line":76,"column":12}}]},"2":{"type":"branch","line":35,"loc":{"start":{"line":35,"column":23},"end":{"line":38,"column":16}},"locations":[{"start":{"line":35,"column":23},"end":{"line":38,"column":16}}]}},"b":{"0":[35],"1":[3],"2":[1]},"fnMap":{"0":{"name":"TaskDate","decl":{"start":{"line":7,"column":24},"end":{"line":79,"column":2}},"loc":{"start":{"line":7,"column":24},"end":{"line":79,"column":2}},"line":7},"1":{"name":"onClick","decl":{"start":{"line":14,"column":23},"end":{"line":17,"column":16}},"loc":{"start":{"line":14,"column":23},"end":{"line":17,"column":16}},"line":14},"2":{"name":"onKeyDown","decl":{"start":{"line":18,"column":25},"end":{"line":21,"column":16}},"loc":{"start":{"line":18,"column":25},"end":{"line":21,"column":16}},"line":18},"3":{"name":"onClick","decl":{"start":{"line":35,"column":23},"end":{"line":38,"column":16}},"loc":{"start":{"line":35,"column":23},"end":{"line":38,"column":16}},"line":35},"4":{"name":"onKeyDown","decl":{"start":{"line":39,"column":25},"end":{"line":42,"column":16}},"loc":{"start":{"line":39,"column":25},"end":{"line":42,"column":16}},"line":39},"5":{"name":"onClick","decl":{"start":{"line":56,"column":23},"end":{"line":59,"column":16}},"loc":{"start":{"line":56,"column":23},"end":{"line":59,"column":16}},"line":56},"6":{"name":"onKeyDown","decl":{"start":{"line":60,"column":25},"end":{"line":63,"column":16}},"loc":{"start":{"line":60,"column":25},"end":{"line":63,"column":16}},"line":60}},"f":{"0":35,"1":0,"2":0,"3":1,"4":0,"5":0,"6":0}}
}
